0 info it worked if it ends with ok
1 verbose cli [ '/Users/damieng/.nvm/versions/node/v6.9.5/bin/node',
1 verbose cli   '/Users/damieng/.nvm/versions/node/v6.9.5/bin/npm',
1 verbose cli   'run',
1 verbose cli   'build' ]
2 info using npm@3.10.10
3 info using node@v6.9.5
4 verbose run-script [ 'prebuild', 'build', 'postbuild' ]
5 info lifecycle tree-sitter-c-sharp@0.0.4~prebuild: tree-sitter-c-sharp@0.0.4
6 silly lifecycle tree-sitter-c-sharp@0.0.4~prebuild: no script for prebuild, continuing
7 info lifecycle tree-sitter-c-sharp@0.0.4~build: tree-sitter-c-sharp@0.0.4
8 verbose lifecycle tree-sitter-c-sharp@0.0.4~build: unsafe-perm in lifecycle true
9 verbose lifecycle tree-sitter-c-sharp@0.0.4~build: PATH: /Users/damieng/.nvm/versions/node/v6.9.5/lib/node_modules/npm/bin/node-gyp-bin:/Users/damieng/github/tree-sitter-c-sharp/node_modules/.bin:/Users/damieng/.nvm/versions/node/v6.9.5/bin:/usr/local/Cellar/nodenv/1.1.2/libexec:/usr/local/Cellar/nodenv/1.1.2/libexec:/opt/local/bin:/opt/local/sbin:/Users/damieng/.nodenv/shims:/usr/local/var/rbenv/shims:/Users/damieng/.nvm/versions/node/v6.9.5/bin:/Users/damieng/Library/Android/sdk/platform-tools:/usr/local/sbin:/usr/local/CrossPack-AVR/bin:/usr/local/bin:/usr/bin:/bin:/usr/sbin:/sbin:/usr/local/MacGPG2/bin:/usr/local/share/dotnet:/opt/X11/bin:/Library/Frameworks/Mono.framework/Versions/Current/Commands:/usr/local/CrossPack-AVR/bin:/Applications/Xamarin Workbooks.app/Contents/SharedSupport/path-bin:/Users/damieng/bin
10 verbose lifecycle tree-sitter-c-sharp@0.0.4~build: CWD: /Users/damieng/github/tree-sitter-c-sharp
11 silly lifecycle tree-sitter-c-sharp@0.0.4~build: Args: [ '-c', 'tree-sitter generate && node-gyp build' ]
12 info lifecycle tree-sitter-c-sharp@0.0.4~build: Failed to exec build script
13 verbose stack Error: tree-sitter-c-sharp@0.0.4 build: `tree-sitter generate && node-gyp build`
13 verbose stack spawn ENOENT
13 verbose stack     at ChildProcess.<anonymous> (/Users/damieng/.nvm/versions/node/v6.9.5/lib/node_modules/npm/lib/utils/spawn.js:33:16)
13 verbose stack     at emitTwo (events.js:106:13)
13 verbose stack     at ChildProcess.emit (events.js:191:7)
13 verbose stack     at maybeClose (internal/child_process.js:877:16)
13 verbose stack     at Process.ChildProcess._handle.onexit (internal/child_process.js:226:5)
14 verbose pkgid tree-sitter-c-sharp@0.0.4
15 verbose cwd /Users/damieng/github/tree-sitter-c-sharp
16 error Darwin 17.4.0
17 error argv "/Users/damieng/.nvm/versions/node/v6.9.5/bin/node" "/Users/damieng/.nvm/versions/node/v6.9.5/bin/npm" "run" "build"
18 error node v6.9.5
19 error npm  v3.10.10
20 error file sh
21 error code ELIFECYCLE
22 error errno ENOENT
23 error syscall spawn
24 error tree-sitter-c-sharp@0.0.4 build: `tree-sitter generate && node-gyp build`
24 error spawn ENOENT
25 error Failed at the tree-sitter-c-sharp@0.0.4 build script 'tree-sitter generate && node-gyp build'.
25 error Make sure you have the latest version of node.js and npm installed.
25 error If you do, this is most likely a problem with the tree-sitter-c-sharp package,
25 error not with npm itself.
25 error Tell the author that this fails on your system:
25 error     tree-sitter generate && node-gyp build
25 error You can get information on how to open an issue for this project with:
25 error     npm bugs tree-sitter-c-sharp
25 error Or if that isn't available, you can get their info via:
25 error     npm owner ls tree-sitter-c-sharp
25 error There is likely additional logging output above.
26 verbose exit [ 1, true ]
